<?xml version="1.0" encoding="UTF-8"?>
<!-- Generated by org.testng.reporters.JUnitReportReporter -->
<testsuite hostname="W2027491" failures="0" tests="1" name="Testrunner.TestnfRunner" time="7.891" errors="0" timestamp="2024-02-13T00:26:03 IST" skipped="0">
  <testcase classname="Testrunner.TestnfRunner" name="runScenario" time="7.891"/>
</testsuite> <!-- Testrunner.TestnfRunner -->
