<?xml version="1.0" encoding="UTF-8"?>
<!-- Generated by org.testng.reporters.JUnitReportReporter -->
<testsuite hostname="W2027491" failures="0" tests="1" name="Practice.Login" time="9.710" errors="0" timestamp="2024-02-12T23:52:53 IST" skipped="0">
  <testcase classname="Practice.Login" name="methodone" time="9.710"/>
</testsuite> <!-- Practice.Login -->
